<?xml version="1.0" encoding="UTF-8"?>
<!-- Generated by org.testng.reporters.JUnitXMLReporter -->
<testsuite ignored="0" hostname="Bala" failures="0" tests="3" name="Default test" time="0.063" errors="0" timestamp="2023-03-22T14:55:01 IST">
  <testcase classname="com.testng.feature.DataProviderPractice" name="login" time="0.006"/>
  <testcase classname="com.testng.feature.DataProviderPractice" name="login" time="0.001"/>
  <testcase classname="com.testng.feature.DataProviderPractice" name="login" time="0.001"/>
</testsuite> <!-- Default test -->
