<?xml version="1.0" encoding="UTF-8"?>
<!-- Generated by org.testng.reporters.JUnitXMLReporter -->
<testsuite ignored="3" hostname="Bala" failures="0" tests="6" name="Test" time="0.054" errors="0" timestamp="2022-11-28T20:50:26 IST">
  <testcase classname="com.testng.feature.Grouping" name="carrot" time="0.008"/>
  <testcase classname="com.testng.feature.Grouping" name="clementine" time="0.001"/>
  <testcase classname="com.testng.feature.Grouping" name="orange" time="0.001"/>
  <testcase classname="com.testng.feature.Grouping" name="potato" time="0.001"/>
  <testcase classname="com.testng.feature.Grouping" name="radish" time="0.0"/>
  <testcase classname="com.testng.feature.Grouping" name="tangrine" time="0.002"/>
  <testcase classname="com.testng.feature.Grouping" name="paper" time="0.0">
    <ignored/>
  </testcase> <!-- paper -->
  <testcase classname="com.testng.feature.Grouping" name="pen" time="0.0">
    <ignored/>
  </testcase> <!-- pen -->
  <testcase classname="com.testng.feature.Grouping" name="pencil" time="0.0">
    <ignored/>
  </testcase> <!-- pencil -->
</testsuite> <!-- Test -->
