<?xml version="1.0" encoding="UTF-8"?>
<testng-results ignored="0" total="3" passed="3" failed="0" skipped="0">
  <reporter-output>
  </reporter-output>
  <suite started-at="2023-03-22T14:55:01 IST" name="Default suite" finished-at="2023-03-22T14:55:01 IST" duration-ms="63">
    <groups>
    </groups>
    <test started-at="2023-03-22T14:55:01 IST" name="Default test" finished-at="2023-03-22T14:55:01 IST" duration-ms="63">
      <class name="com.testng.feature.DataProviderPractice">
        <test-method signature="login(java.lang.String,java.lang.String)[pri:0, instance:com.testng.feature.DataProviderPractice@7c24b813]" started-at="2023-03-22T14:55:01 IST" name="login" data-provider="inputData" finished-at="2023-03-22T14:55:01 IST" duration-ms="6" status="PASS">
          <params>
            <param index="0">
              <value>
                <![CDATA[abc]]>
              </value>
            </param>
            <param index="1">
              <value>
                <![CDATA[123]]>
              </value>
            </param>
          </params>
          <reporter-output>
          </reporter-output>
        </test-method> <!-- login -->
        <test-method signature="login(java.lang.String,java.lang.String)[pri:0, instance:com.testng.feature.DataProviderPractice@7c24b813]" started-at="2023-03-22T14:55:01 IST" name="login" data-provider="inputData" finished-at="2023-03-22T14:55:01 IST" duration-ms="1" status="PASS">
          <params>
            <param index="0">
              <value>
                <![CDATA[qwerty]]>
              </value>
            </param>
            <param index="1">
              <value>
                <![CDATA[00000]]>
              </value>
            </param>
          </params>
          <reporter-output>
          </reporter-output>
        </test-method> <!-- login -->
        <test-method signature="login(java.lang.String,java.lang.String)[pri:0, instance:com.testng.feature.DataProviderPractice@7c24b813]" started-at="2023-03-22T14:55:01 IST" name="login" data-provider="inputData" finished-at="2023-03-22T14:55:01 IST" duration-ms="1" status="PASS">
          <params>
            <param index="0">
              <value>
                <![CDATA[xyz]]>
              </value>
            </param>
            <param index="1">
              <value>
                <![CDATA[56789]]>
              </value>
            </param>
          </params>
          <reporter-output>
          </reporter-output>
        </test-method> <!-- login -->
      </class> <!-- com.testng.feature.DataProviderPractice -->
    </test> <!-- Default test -->
  </suite> <!-- Default suite -->
</testng-results>
